13:49:06.492 [main] INFO  org.testng.internal.Utils - [TestNG] Running:
  C:\Users\chandrababu.r\Desktop\SeleniumJava\OpencartV121\grouping.xml

13:49:14.657 [main] INFO  testCases.TC001_AccountRegistrationTest - ***********Started**************
13:49:14.900 [main] INFO  testCases.TC001_AccountRegistrationTest - Clicked on My Link..
13:49:15.690 [main] INFO  testCases.TC001_AccountRegistrationTest - Clicked on Registration..
13:49:16.611 [main] INFO  testCases.TC001_AccountRegistrationTest - Entered valid credentials..
13:49:17.767 [main] INFO  testCases.TC001_AccountRegistrationTest - Validating Expected Message..
13:49:17.829 [main] INFO  testCases.TC001_AccountRegistrationTest - ***********Finished**************
13:49:24.589 [main] INFO  testCases.TC002_LoginTest - ******Started********
13:49:25.928 [main] INFO  testCases.TC002_LoginTest - Clicked Login Page
13:56:00.571 [main] INFO  org.testng.internal.Utils - [TestNG] Running:
  C:\Users\chandrababu.r\Desktop\SeleniumJava\OpencartV121\grouping.xml

13:56:06.184 [main] INFO  testCases.TC001_AccountRegistrationTest - ***********Started**************
13:56:07.321 [main] INFO  testCases.TC001_AccountRegistrationTest - Clicked on My Link..
13:56:08.049 [main] INFO  testCases.TC001_AccountRegistrationTest - Clicked on Registration..
13:56:08.876 [main] INFO  testCases.TC001_AccountRegistrationTest - Entered valid credentials..
13:56:09.893 [main] INFO  testCases.TC001_AccountRegistrationTest - Validating Expected Message..
13:56:09.950 [main] INFO  testCases.TC001_AccountRegistrationTest - ***********Finished**************
13:56:15.384 [main] INFO  testCases.TC002_LoginTest - ******Started********
13:56:15.865 [main] INFO  testCases.TC002_LoginTest - Clicked Login Page
13:58:11.669 [main] INFO  org.testng.internal.Utils - [TestNG] Running:
  C:\Users\chandrababu.r\Desktop\SeleniumJava\OpencartV121\test-output\testng-failed.xml

13:58:18.065 [main] INFO  testCases.TC002_LoginTest - ******Started********
13:58:18.688 [main] INFO  testCases.TC002_LoginTest - Clicked Login Page
14:00:02.586 [main] INFO  org.testng.internal.Utils - [TestNG] Running:
  C:\Users\chandrababu.r\Desktop\SeleniumJava\OpencartV121\test-output\testng-failed.xml

14:00:08.525 [main] INFO  testCases.TC002_LoginTest - ******Started********
14:00:09.033 [main] INFO  testCases.TC002_LoginTest - Clicked Login Page
16:50:58.531 [main] INFO  org.testng.internal.Utils - [TestNG] Running:
  C:\Users\chandrababu.r\Desktop\SeleniumJava\OpencartV121\test-output\testng-failed.xml

16:51:11.963 [main] INFO  testCases.TC002_LoginTest - ******Started********
16:51:12.549 [main] INFO  testCases.TC002_LoginTest - Clicked Login Page
16:51:14.014 [main] INFO  testCases.TC002_LoginTest - ******Finished********
16:54:24.817 [main] INFO  org.testng.internal.Utils - [TestNG] Running:
  C:\Users\chandrababu.r\Desktop\SeleniumJava\OpencartV121\test-output\testng-failed.xml

16:54:32.977 [main] INFO  testCases.TC002_LoginTest - ******Started********
16:54:33.600 [main] INFO  testCases.TC002_LoginTest - Clicked Login Page
16:54:34.977 [main] INFO  testCases.TC002_LoginTest - ******Finished********
16:55:14.881 [main] INFO  org.testng.internal.Utils - [TestNG] Running:
  C:\Users\chandrababu.r\Desktop\SeleniumJava\OpencartV121\grouping.xml

16:55:21.431 [main] INFO  testCases.TC001_AccountRegistrationTest - ***********Started**************
16:55:21.597 [main] INFO  testCases.TC001_AccountRegistrationTest - Clicked on My Link..
16:55:22.233 [main] INFO  testCases.TC001_AccountRegistrationTest - Clicked on Registration..
16:55:23.260 [main] INFO  testCases.TC001_AccountRegistrationTest - Entered valid credentials..
16:55:24.796 [main] INFO  testCases.TC001_AccountRegistrationTest - Validating Expected Message..
16:55:24.865 [main] INFO  testCases.TC001_AccountRegistrationTest - ***********Finished**************
16:55:30.592 [main] INFO  testCases.TC002_LoginTest - ******Started********
16:55:31.090 [main] INFO  testCases.TC002_LoginTest - Clicked Login Page
16:55:32.185 [main] INFO  testCases.TC002_LoginTest - ******Finished********
16:57:13.403 [main] INFO  org.testng.internal.Utils - [TestNG] Running:
  C:\Users\chandrababu.r\Desktop\SeleniumJava\OpencartV121\grouping.xml

16:57:19.149 [main] INFO  testCases.TC001_AccountRegistrationTest - ***********Started**************
16:57:19.335 [main] INFO  testCases.TC001_AccountRegistrationTest - Clicked on My Link..
16:57:20.877 [main] INFO  testCases.TC001_AccountRegistrationTest - Clicked on Registration..
16:57:21.642 [main] INFO  testCases.TC001_AccountRegistrationTest - Entered valid credentials..
16:57:22.383 [main] INFO  testCases.TC001_AccountRegistrationTest - Validating Expected Message..
16:57:22.438 [main] ERROR testCases.TC001_AccountRegistrationTest - Test Failed..
16:57:27.590 [main] INFO  testCases.TC002_LoginTest - ******Started********
16:57:28.053 [main] INFO  testCases.TC002_LoginTest - Clicked Login Page
16:57:29.199 [main] INFO  testCases.TC002_LoginTest - ******Finished********
16:58:23.884 [main] INFO  org.testng.internal.Utils - [TestNG] Running:
  C:\Users\chandrababu.r\Desktop\SeleniumJava\OpencartV121\grouping.xml

16:58:33.523 [main] INFO  testCases.TC001_AccountRegistrationTest - ***********Started**************
16:58:34.590 [main] INFO  testCases.TC001_AccountRegistrationTest - Clicked on My Link..
16:58:35.561 [main] INFO  testCases.TC001_AccountRegistrationTest - Clicked on Registration..
16:58:36.772 [main] INFO  testCases.TC001_AccountRegistrationTest - Entered valid credentials..
16:58:37.700 [main] INFO  testCases.TC001_AccountRegistrationTest - Validating Expected Message..
16:58:37.866 [main] INFO  testCases.TC001_AccountRegistrationTest - ***********Finished**************
16:58:45.628 [main] INFO  testCases.TC002_LoginTest - ******Started********
16:58:46.364 [main] INFO  testCases.TC002_LoginTest - Clicked Login Page
16:58:47.704 [main] INFO  testCases.TC002_LoginTest - ******Finished********
10:06:52.269 [main] INFO  org.testng.internal.Utils - [TestNG] Running:
  C:\Users\chandrababu.r\Desktop\SeleniumJava\OpencartV121\grouping.xml

10:06:59.334 [main] INFO  testCases.TC001_AccountRegistrationTest - ***********Started**************
10:06:59.544 [main] INFO  testCases.TC001_AccountRegistrationTest - Clicked on My Link..
10:07:00.234 [main] INFO  testCases.TC001_AccountRegistrationTest - Clicked on Registration..
10:07:01.317 [main] INFO  testCases.TC001_AccountRegistrationTest - Entered valid credentials..
10:07:02.351 [main] INFO  testCases.TC001_AccountRegistrationTest - Validating Expected Message..
10:07:02.426 [main] INFO  testCases.TC001_AccountRegistrationTest - ***********Finished**************
10:07:07.520 [main] INFO  testCases.TC002_LoginTest - ******Started********
10:07:07.991 [main] INFO  testCases.TC002_LoginTest - Clicked Login Page
10:07:08.999 [main] INFO  testCases.TC002_LoginTest - ******Finished********
10:42:25.920 [main] INFO  org.testng.internal.Utils - [TestNG] Running:
  C:\Users\chandrababu.r\Desktop\SeleniumJava\OpencartV121\master.xml

10:42:32.019 [main] INFO  testCases.TC001_AccountRegistrationTest - ***********Started**************
10:42:32.238 [main] INFO  testCases.TC001_AccountRegistrationTest - Clicked on My Link..
10:42:32.904 [main] INFO  testCases.TC001_AccountRegistrationTest - Clicked on Registration..
10:42:34.144 [main] INFO  testCases.TC001_AccountRegistrationTest - Entered valid credentials..
10:42:34.940 [main] INFO  testCases.TC001_AccountRegistrationTest - Validating Expected Message..
10:42:35.013 [main] INFO  testCases.TC001_AccountRegistrationTest - ***********Finished**************
10:42:40.330 [main] INFO  testCases.TC002_LoginTest - ******Started********
10:42:40.851 [main] INFO  testCases.TC002_LoginTest - Clicked Login Page
10:42:42.092 [main] INFO  testCases.TC002_LoginTest - ******Finished********
10:43:16.342 [main] INFO  org.testng.internal.Utils - [TestNG] Running:
  C:\Users\chandrababu.r\Desktop\SeleniumJava\OpencartV121\master.xml

10:43:43.811 [main] INFO  org.testng.internal.Utils - [TestNG] Running:
  C:\Users\chandrababu.r\Desktop\SeleniumJava\OpencartV121\master.xml

10:45:46.265 [main] INFO  org.testng.internal.Utils - [TestNG] Running:
  C:\Users\chandrababu.r\Desktop\SeleniumJava\OpencartV121\grouping.xml

11:05:37.010 [main] INFO  org.testng.internal.Utils - [TestNG] Running:
  C:\Users\chandrababu.r\Desktop\SeleniumJava\OpencartV121\master.xml

11:23:38.568 [main] INFO  org.testng.internal.Utils - [TestNG] Running:
  C:\Users\chandrababu.r\Desktop\SeleniumJava\OpencartV121\master.xml

11:24:13.540 [main] INFO  org.testng.internal.Utils - [TestNG] Running:
  C:\Users\chandrababu.r\Desktop\SeleniumJava\OpencartV121\master.xml

11:24:19.338 [main] INFO  testCases.TC001_AccountRegistrationTest - ***********Started**************
11:24:19.475 [main] INFO  testCases.TC001_AccountRegistrationTest - Clicked on My Link..
11:24:20.156 [main] INFO  testCases.TC001_AccountRegistrationTest - Clicked on Registration..
11:24:20.938 [main] INFO  testCases.TC001_AccountRegistrationTest - Entered valid credentials..
11:24:21.689 [main] INFO  testCases.TC001_AccountRegistrationTest - Validating Expected Message..
11:24:21.739 [main] INFO  testCases.TC001_AccountRegistrationTest - ***********Finished**************
11:24:26.129 [main] INFO  testCases.TC002_LoginTest - ******Started********
11:24:26.498 [main] INFO  testCases.TC002_LoginTest - Clicked Login Page
11:24:27.464 [main] INFO  testCases.TC002_LoginTest - ******Finished********
11:26:12.331 [main] INFO  org.testng.internal.Utils - [TestNG] Running:
  C:\Users\chandrababu.r\Desktop\SeleniumJava\OpencartV121\master.xml

11:31:02.701 [main] INFO  org.testng.internal.Utils - [TestNG] Running:
  C:\Users\chandrababu.r\Desktop\SeleniumJava\OpencartV121\master.xml

11:45:49.799 [main] INFO  org.testng.internal.Utils - [TestNG] Running:
  C:\Users\chandrababu.r\Desktop\SeleniumJava\OpencartV121\master.xml

11:45:56.225 [main] INFO  testCases.TC001_AccountRegistrationTest - ***********Started**************
11:45:56.353 [main] INFO  testCases.TC001_AccountRegistrationTest - Clicked on My Link..
11:45:57.639 [main] INFO  testCases.TC001_AccountRegistrationTest - Clicked on Registration..
11:45:58.131 [main] INFO  testCases.TC001_AccountRegistrationTest - Entered valid credentials..
11:45:59.229 [main] INFO  testCases.TC001_AccountRegistrationTest - Validating Expected Message..
11:45:59.276 [main] INFO  testCases.TC001_AccountRegistrationTest - ***********Finished**************
11:46:03.620 [main] INFO  testCases.TC002_LoginTest - ******Started********
11:46:03.991 [main] INFO  testCases.TC002_LoginTest - Clicked Login Page
11:46:04.934 [main] INFO  testCases.TC002_LoginTest - ******Finished********
11:46:29.102 [main] INFO  org.testng.internal.Utils - [TestNG] Running:
  C:\Users\chandrababu.r\Desktop\SeleniumJava\OpencartV121\grouping.xml

11:46:34.772 [main] INFO  testCases.TC001_AccountRegistrationTest - ***********Started**************
11:46:35.032 [main] INFO  testCases.TC001_AccountRegistrationTest - Clicked on My Link..
11:46:35.502 [main] INFO  testCases.TC001_AccountRegistrationTest - Clicked on Registration..
11:46:36.159 [main] INFO  testCases.TC001_AccountRegistrationTest - Entered valid credentials..
11:46:36.883 [main] INFO  testCases.TC001_AccountRegistrationTest - Validating Expected Message..
11:46:36.946 [main] INFO  testCases.TC001_AccountRegistrationTest - ***********Finished**************
11:46:41.254 [main] INFO  testCases.TC002_LoginTest - ******Started********
11:46:42.484 [main] INFO  testCases.TC002_LoginTest - Clicked Login Page
11:46:43.599 [main] INFO  testCases.TC002_LoginTest - ******Finished********
11:49:43.678 [main] INFO  org.testng.internal.Utils - [TestNG] Running:
  C:\Users\chandrababu.r\Desktop\SeleniumJava\OpencartV121\master.xml

11:49:50.040 [main] INFO  testCases.TC001_AccountRegistrationTest - ***********Started**************
11:49:50.183 [main] INFO  testCases.TC001_AccountRegistrationTest - Clicked on My Link..
11:49:50.823 [main] INFO  testCases.TC001_AccountRegistrationTest - Clicked on Registration..
11:49:51.444 [main] INFO  testCases.TC001_AccountRegistrationTest - Entered valid credentials..
11:49:52.203 [main] INFO  testCases.TC001_AccountRegistrationTest - Validating Expected Message..
11:49:52.250 [main] INFO  testCases.TC001_AccountRegistrationTest - ***********Finished**************
11:49:57.613 [main] INFO  testCases.TC002_LoginTest - ******Started********
11:49:58.069 [main] INFO  testCases.TC002_LoginTest - Clicked Login Page
11:49:59.077 [main] INFO  testCases.TC002_LoginTest - ******Finished********
11:10:44.866 [main] INFO  testCases.TC002_LoginTest - ******Started********
11:10:45.942 [main] INFO  testCases.TC002_LoginTest - Clicked Login Page
11:10:47.920 [main] INFO  testCases.TC002_LoginTest - ******Finished********
11:11:35.863 [main] INFO  org.testng.internal.Utils - [TestNG] Running:
  C:\Users\chandrababu.r\Desktop\SeleniumJava\OpencartV121\master.xml

11:11:42.777 [main] INFO  testCases.TC001_AccountRegistrationTest - ***********Started**************
11:11:43.031 [main] INFO  testCases.TC001_AccountRegistrationTest - Clicked on My Link..
11:11:43.855 [main] INFO  testCases.TC001_AccountRegistrationTest - Clicked on Registration..
11:11:45.137 [main] INFO  testCases.TC001_AccountRegistrationTest - Entered valid credentials..
11:11:46.001 [main] INFO  testCases.TC001_AccountRegistrationTest - Validating Expected Message..
11:11:46.080 [main] INFO  testCases.TC001_AccountRegistrationTest - ***********Finished**************
11:11:53.347 [main] INFO  testCases.TC002_LoginTest - ******Started********
11:11:54.022 [main] INFO  testCases.TC002_LoginTest - Clicked Login Page
11:11:55.487 [main] INFO  testCases.TC002_LoginTest - ******Finished********
11:14:13.822 [main] INFO  testCases.TC001_AccountRegistrationTest - ***********Started**************
11:14:14.061 [main] INFO  testCases.TC001_AccountRegistrationTest - Clicked on My Link..
11:14:14.880 [main] INFO  testCases.TC001_AccountRegistrationTest - Clicked on Registration..
11:14:16.036 [main] INFO  testCases.TC001_AccountRegistrationTest - Entered valid credentials..
11:14:17.334 [main] INFO  testCases.TC001_AccountRegistrationTest - Validating Expected Message..
11:14:17.402 [main] INFO  testCases.TC001_AccountRegistrationTest - ***********Finished**************
11:14:24.219 [main] INFO  testCases.TC002_LoginTest - ******Started********
11:14:24.929 [main] INFO  testCases.TC002_LoginTest - Clicked Login Page
11:14:26.057 [main] INFO  testCases.TC002_LoginTest - ******Finished********
11:20:33.187 [main] INFO  testCases.TC001_AccountRegistrationTest - ***********Started**************
11:20:33.534 [main] INFO  testCases.TC001_AccountRegistrationTest - Clicked on My Link..
11:20:34.391 [main] INFO  testCases.TC001_AccountRegistrationTest - Clicked on Registration..
11:20:35.127 [main] INFO  testCases.TC001_AccountRegistrationTest - Entered valid credentials..
11:20:36.447 [main] INFO  testCases.TC001_AccountRegistrationTest - Validating Expected Message..
11:20:36.532 [main] INFO  testCases.TC001_AccountRegistrationTest - ***********Finished**************
11:20:43.274 [main] INFO  testCases.TC002_LoginTest - ******Started********
11:20:44.177 [main] INFO  testCases.TC002_LoginTest - Clicked Login Page
11:20:45.961 [main] INFO  testCases.TC002_LoginTest - ******Finished********
11:22:50.303 [main] INFO  testCases.TC001_AccountRegistrationTest - ***********Started**************
11:22:50.648 [main] INFO  testCases.TC001_AccountRegistrationTest - Clicked on My Link..
11:22:51.562 [main] INFO  testCases.TC001_AccountRegistrationTest - Clicked on Registration..
11:22:52.627 [main] INFO  testCases.TC001_AccountRegistrationTest - Entered valid credentials..
11:22:53.576 [main] INFO  testCases.TC001_AccountRegistrationTest - Validating Expected Message..
11:22:53.629 [main] INFO  testCases.TC001_AccountRegistrationTest - ***********Finished**************
11:23:01.563 [main] INFO  testCases.TC002_LoginTest - ******Started********
11:23:02.444 [main] INFO  testCases.TC002_LoginTest - Clicked Login Page
11:23:04.931 [main] INFO  testCases.TC002_LoginTest - ******Finished********
10:41:20.840 [main] INFO  testCases.TC001_AccountRegistrationTest - ***********Started**************
10:41:20.995 [main] INFO  testCases.TC001_AccountRegistrationTest - Clicked on My Link..
10:41:21.683 [main] INFO  testCases.TC001_AccountRegistrationTest - Clicked on Registration..
10:41:22.262 [main] INFO  testCases.TC001_AccountRegistrationTest - Entered valid credentials..
10:41:23.054 [main] INFO  testCases.TC001_AccountRegistrationTest - Validating Expected Message..
10:41:23.103 [main] INFO  testCases.TC001_AccountRegistrationTest - ***********Finished**************
10:41:28.103 [main] INFO  testCases.TC002_LoginTest - ******Started********
10:41:28.548 [main] INFO  testCases.TC002_LoginTest - Clicked Login Page
10:41:29.595 [main] INFO  testCases.TC002_LoginTest - ******Finished********
10:42:55.650 [main] INFO  testCases.TC001_AccountRegistrationTest - ***********Started**************
10:42:55.834 [main] INFO  testCases.TC001_AccountRegistrationTest - Clicked on My Link..
10:42:56.447 [main] INFO  testCases.TC001_AccountRegistrationTest - Clicked on Registration..
10:42:57.219 [main] INFO  testCases.TC001_AccountRegistrationTest - Entered valid credentials..
10:42:57.902 [main] INFO  testCases.TC001_AccountRegistrationTest - Validating Expected Message..
10:42:57.946 [main] INFO  testCases.TC001_AccountRegistrationTest - ***********Finished**************
10:43:02.955 [main] INFO  testCases.TC002_LoginTest - ******Started********
10:43:03.356 [main] INFO  testCases.TC002_LoginTest - Clicked Login Page
10:43:05.469 [main] INFO  testCases.TC002_LoginTest - ******Finished********
